  NTRU.cpp
C:\Users\18242\Desktop\c++\CPQSSAP\NTRU.h(23,31): warning C4114: 多次使用同一类型限定符
C:\Users\18242\Desktop\c++\CPQSSAP\NTRU.h(24,31): warning C4114: 多次使用同一类型限定符
C:\Users\18242\Desktop\c++\CPQSSAP\NTRU.h(25,31): warning C4114: 多次使用同一类型限定符
C:\Users\18242\Desktop\c++\CPQSSAP\NTRU.h(26,31): warning C4114: 多次使用同一类型限定符
C:\Users\18242\Desktop\c++\CPQSSAP\NTRU.h(27,31): warning C4114: 多次使用同一类型限定符
  Polynomial.cpp
C:\Users\18242\Desktop\c++\CPQSSAP\NTRU.h(23,31): warning C4114: 多次使用同一类型限定符
C:\Users\18242\Desktop\c++\CPQSSAP\NTRU.h(24,31): warning C4114: 多次使用同一类型限定符
C:\Users\18242\Desktop\c++\CPQSSAP\NTRU.h(25,31): warning C4114: 多次使用同一类型限定符
C:\Users\18242\Desktop\c++\CPQSSAP\NTRU.h(26,31): warning C4114: 多次使用同一类型限定符
C:\Users\18242\Desktop\c++\CPQSSAP\NTRU.h(27,31): warning C4114: 多次使用同一类型限定符
C:\Users\18242\Desktop\c++\CPQSSAP\Polynomial.cpp(19,23): warning C4018: “<”: 有符号/无符号不匹配
C:\Users\18242\Desktop\c++\CPQSSAP\Polynomial.cpp(23,75): warning C4267: “初始化”: 从“size_t”转换到“unsigned int”，可能丢失数据
C:\Users\18242\Desktop\c++\CPQSSAP\Polynomial.cpp(53,23): warning C4018: “<”: 有符号/无符号不匹配
C:\Users\18242\Desktop\c++\CPQSSAP\Polynomial.cpp(76,13): warning C4267: “初始化”: 从“size_t”转换到“int”，可能丢失数据
C:\Users\18242\Desktop\c++\CPQSSAP\Polynomial.cpp(91,13): warning C4267: “初始化”: 从“size_t”转换到“int”，可能丢失数据
C:\Users\18242\Desktop\c++\CPQSSAP\Polynomial.cpp(118,22): warning C4267: “初始化”: 从“size_t”转换到“unsigned int”，可能丢失数据
C:\Users\18242\Desktop\c++\CPQSSAP\Polynomial.cpp(138,22): warning C4267: “初始化”: 从“size_t”转换到“unsigned int”，可能丢失数据
C:\Users\18242\Desktop\c++\CPQSSAP\Polynomial.cpp(158,22): warning C4267: “初始化”: 从“size_t”转换到“unsigned int”，可能丢失数据
C:\Users\18242\Desktop\c++\CPQSSAP\Polynomial.cpp(178,22): warning C4267: “初始化”: 从“size_t”转换到“unsigned int”，可能丢失数据
C:\Users\18242\Desktop\c++\CPQSSAP\Polynomial.cpp(211,11): warning C4267: “初始化”: 从“size_t”转换到“int”，可能丢失数据
C:\Users\18242\Desktop\c++\CPQSSAP\Polynomial.cpp(233,11): warning C4267: “初始化”: 从“size_t”转换到“int”，可能丢失数据
C:\Users\18242\Desktop\c++\CPQSSAP\Polynomial.cpp(242,11): warning C4267: “初始化”: 从“size_t”转换到“int”，可能丢失数据
C:\Users\18242\Desktop\c++\CPQSSAP\Polynomial.cpp(243,11): warning C4267: “初始化”: 从“size_t”转换到“int”，可能丢失数据
C:\Users\18242\Desktop\c++\CPQSSAP\Polynomial.cpp(253,13): warning C4267: “初始化”: 从“size_t”转换到“int”，可能丢失数据
C:\Users\18242\Desktop\c++\CPQSSAP\Polynomial.cpp(278,11): warning C4267: “初始化”: 从“size_t”转换到“int”，可能丢失数据
C:\Users\18242\Desktop\c++\CPQSSAP\Polynomial.cpp(279,11): warning C4267: “初始化”: 从“size_t”转换到“int”，可能丢失数据
  main.cpp
C:\Users\18242\Desktop\c++\CPQSSAP\NTRU.h(23,31): warning C4114: 多次使用同一类型限定符
C:\Users\18242\Desktop\c++\CPQSSAP\NTRU.h(24,31): warning C4114: 多次使用同一类型限定符
C:\Users\18242\Desktop\c++\CPQSSAP\NTRU.h(25,31): warning C4114: 多次使用同一类型限定符
C:\Users\18242\Desktop\c++\CPQSSAP\NTRU.h(26,31): warning C4114: 多次使用同一类型限定符
C:\Users\18242\Desktop\c++\CPQSSAP\NTRU.h(27,31): warning C4114: 多次使用同一类型限定符
  正在生成代码...
C:\Users\18242\Desktop\c++\CPQSSAP\Polynomial.cpp(237): warning C4717: “Polynomial::IFFT”: 如递归所有控件路径，函数将导致运行时堆栈溢出
  NTRUEncrypt.vcxproj -> C:\Users\18242\Desktop\c++\CPQSSAP\x64\Debug\NTRUEncrypt.exe
