  NTRU.cpp
C:\Users\18242\Desktop\Cplusplus\CPQSSAP\NTRU.h(23,31): warning C4114: 多次使用同一类型限定符
  (编译源文件“NTRU.cpp”)
  
C:\Users\18242\Desktop\Cplusplus\CPQSSAP\NTRU.h(24,31): warning C4114: 多次使用同一类型限定符
  (编译源文件“NTRU.cpp”)
  
C:\Users\18242\Desktop\Cplusplus\CPQSSAP\NTRU.h(25,31): warning C4114: 多次使用同一类型限定符
  (编译源文件“NTRU.cpp”)
  
C:\Users\18242\Desktop\Cplusplus\CPQSSAP\NTRU.h(26,31): warning C4114: 多次使用同一类型限定符
  (编译源文件“NTRU.cpp”)
  
C:\Users\18242\Desktop\Cplusplus\CPQSSAP\NTRU.h(27,31): warning C4114: 多次使用同一类型限定符
  (编译源文件“NTRU.cpp”)
  
  Polynomial.cpp
C:\Users\18242\Desktop\Cplusplus\CPQSSAP\NTRU.h(23,31): warning C4114: 多次使用同一类型限定符
  (编译源文件“Polynomial.cpp”)
  
C:\Users\18242\Desktop\Cplusplus\CPQSSAP\NTRU.h(24,31): warning C4114: 多次使用同一类型限定符
  (编译源文件“Polynomial.cpp”)
  
C:\Users\18242\Desktop\Cplusplus\CPQSSAP\NTRU.h(25,31): warning C4114: 多次使用同一类型限定符
  (编译源文件“Polynomial.cpp”)
  
C:\Users\18242\Desktop\Cplusplus\CPQSSAP\NTRU.h(26,31): warning C4114: 多次使用同一类型限定符
  (编译源文件“Polynomial.cpp”)
  
C:\Users\18242\Desktop\Cplusplus\CPQSSAP\NTRU.h(27,31): warning C4114: 多次使用同一类型限定符
  (编译源文件“Polynomial.cpp”)
  
C:\Users\18242\Desktop\Cplusplus\CPQSSAP\Polynomial.cpp(18,23): warning C4018: “<”: 有符号/无符号不匹配
C:\Users\18242\Desktop\Cplusplus\CPQSSAP\Polynomial.cpp(22,75): warning C4267: “初始化”: 从“size_t”转换到“unsigned int”，可能丢失数据
C:\Users\18242\Desktop\Cplusplus\CPQSSAP\Polynomial.cpp(52,23): warning C4018: “<”: 有符号/无符号不匹配
C:\Users\18242\Desktop\Cplusplus\CPQSSAP\Polynomial.cpp(63,23): warning C4018: “<”: 有符号/无符号不匹配
C:\Users\18242\Desktop\Cplusplus\CPQSSAP\Polynomial.cpp(91,69): warning C4267: “参数”: 从“size_t”转换到“unsigned int”，可能丢失数据
C:\Users\18242\Desktop\Cplusplus\CPQSSAP\Polynomial.cpp(111,20): warning C4267: “初始化”: 从“size_t”转换到“int”，可能丢失数据
C:\Users\18242\Desktop\Cplusplus\CPQSSAP\Polynomial.cpp(113,27): warning C4018: “<”: 有符号/无符号不匹配
C:\Users\18242\Desktop\Cplusplus\CPQSSAP\Polynomial.cpp(125,22): warning C4267: “初始化”: 从“size_t”转换到“unsigned int”，可能丢失数据
C:\Users\18242\Desktop\Cplusplus\CPQSSAP\Polynomial.cpp(145,22): warning C4267: “初始化”: 从“size_t”转换到“unsigned int”，可能丢失数据
C:\Users\18242\Desktop\Cplusplus\CPQSSAP\Polynomial.cpp(165,22): warning C4267: “初始化”: 从“size_t”转换到“unsigned int”，可能丢失数据
C:\Users\18242\Desktop\Cplusplus\CPQSSAP\Polynomial.cpp(185,22): warning C4267: “初始化”: 从“size_t”转换到“unsigned int”，可能丢失数据
C:\Users\18242\Desktop\Cplusplus\CPQSSAP\Polynomial.cpp(218,11): warning C4267: “初始化”: 从“size_t”转换到“int”，可能丢失数据
C:\Users\18242\Desktop\Cplusplus\CPQSSAP\Polynomial.cpp(240,11): warning C4267: “初始化”: 从“size_t”转换到“int”，可能丢失数据
C:\Users\18242\Desktop\Cplusplus\CPQSSAP\Polynomial.cpp(249,11): warning C4267: “初始化”: 从“size_t”转换到“int”，可能丢失数据
C:\Users\18242\Desktop\Cplusplus\CPQSSAP\Polynomial.cpp(250,11): warning C4267: “初始化”: 从“size_t”转换到“int”，可能丢失数据
C:\Users\18242\Desktop\Cplusplus\CPQSSAP\Polynomial.cpp(265,11): warning C4267: “初始化”: 从“size_t”转换到“int”，可能丢失数据
C:\Users\18242\Desktop\Cplusplus\CPQSSAP\Polynomial.cpp(266,11): warning C4267: “初始化”: 从“size_t”转换到“int”，可能丢失数据
  main.cpp
C:\Users\18242\Desktop\Cplusplus\CPQSSAP\NTRU.h(23,31): warning C4114: 多次使用同一类型限定符
  (编译源文件“main.cpp”)
  
C:\Users\18242\Desktop\Cplusplus\CPQSSAP\NTRU.h(24,31): warning C4114: 多次使用同一类型限定符
  (编译源文件“main.cpp”)
  
C:\Users\18242\Desktop\Cplusplus\CPQSSAP\NTRU.h(25,31): warning C4114: 多次使用同一类型限定符
  (编译源文件“main.cpp”)
  
C:\Users\18242\Desktop\Cplusplus\CPQSSAP\NTRU.h(26,31): warning C4114: 多次使用同一类型限定符
  (编译源文件“main.cpp”)
  
C:\Users\18242\Desktop\Cplusplus\CPQSSAP\NTRU.h(27,31): warning C4114: 多次使用同一类型限定符
  (编译源文件“main.cpp”)
  
  正在生成代码...
C:\Users\18242\Desktop\Cplusplus\CPQSSAP\Polynomial.cpp(244,1): warning C4717: “Polynomial::IFFT”: 如递归所有控件路径，函数将导致运行时堆栈溢出
  NTRUEncrypt.vcxproj -> C:\Users\18242\Desktop\Cplusplus\CPQSSAP\x64\Debug\NTRUEncrypt.exe
